<?xml version="1.0" encoding="UTF-8"?>
<!-- Generated by org.testng.reporters.JUnitReportReporter -->
<testsuite hostname="QT-INBG-LT0143" failures="0" tests="1" name="module1.Checking_color" time="5.119" errors="0" timestamp="2021-03-25T10:48:02 IST" skipped="0">
  <testcase classname="module1.Checking_color" name="Checking_color" time="5.119"/>
  <system-out/>
</testsuite> <!-- module1.Checking_color -->
