<?xml version="1.0" encoding="UTF-8"?>
<!-- Generated by org.testng.reporters.JUnitReportReporter -->
<testsuite hostname="QT-INBG-LT0143" failures="0" tests="1" name="module6.Activity_update" time="9.694" errors="0" timestamp="2021-03-25T10:32:11 IST" skipped="0">
  <testcase classname="module6.Activity_update" name="activity" time="9.694"/>
  <system-out/>
</testsuite> <!-- module6.Activity_update -->
