<?xml version="1.0" encoding="UTF-8"?>
<!-- Generated by org.testng.reporters.JUnitReportReporter -->
<testsuite hostname="QT-INBG-LT0143" failures="0" tests="1" name="module2.CheckTitle_activity" time="4.696" errors="0" timestamp="2021-03-25T10:32:11 IST" skipped="0">
  <testcase classname="module2.CheckTitle_activity" name="activity_title" time="4.696"/>
  <system-out/>
</testsuite> <!-- module2.CheckTitle_activity -->
