<?xml version="1.0" encoding="UTF-8"?>
<!-- Generated by org.testng.reporters.JUnitReportReporter -->
<testsuite hostname="QT-INBG-LT0143" failures="0" tests="1" name="module2.Activity_page" time="10.412" errors="0" timestamp="2021-03-25T10:51:50 IST" skipped="0">
  <testcase classname="module2.Activity_page" name="NameINLeft" time="10.412"/>
  <system-out/>
</testsuite> <!-- module2.Activity_page -->
