<?xml version="1.0" encoding="UTF-8"?>
<!-- Generated by org.testng.reporters.JUnitReportReporter -->
<testsuite hostname="QT-INBG-LT0143" failures="0" tests="1" name="module1.CheckTitle" time="5.861" errors="0" timestamp="2021-03-25T10:32:11 IST" skipped="0">
  <testcase classname="module1.CheckTitle" name="CheckTitle" time="5.861"/>
  <system-out/>
</testsuite> <!-- module1.CheckTitle -->
