<?xml version="1.0" encoding="UTF-8"?>
<!-- Generated by org.testng.reporters.JUnitReportReporter -->
<testsuite hostname="QT-INBG-LT0143" failures="0" tests="1" name="module4.Kudo_search" time="20.349" errors="0" timestamp="2021-03-25T10:32:11 IST" skipped="0">
  <testcase classname="module4.Kudo_search" name="kudosearch" time="20.349"/>
  <system-out/>
</testsuite> <!-- module4.Kudo_search -->
