<?xml version="1.0" encoding="UTF-8"?>
<!-- Generated by org.testng.reporters.JUnitReportReporter -->
<testsuite hostname="QT-INBG-LT0143" failures="0" tests="1" name="module3.send_one_kudo" time="18.891" errors="0" timestamp="2021-03-25T10:32:11 IST" skipped="0">
  <testcase classname="module3.send_one_kudo" name="sendkudos" time="18.891"/>
  <system-out/>
</testsuite> <!-- module3.send_one_kudo -->
