<?xml version="1.0" encoding="UTF-8"?>
<!-- Generated by org.testng.reporters.JUnitReportReporter -->
<testsuite hostname="QT-INBG-LT0143" failures="0" tests="1" name="module5.Recent_contacts" time="11.910" errors="0" timestamp="2021-03-25T10:32:11 IST" skipped="0">
  <testcase classname="module5.Recent_contacts" name="sk" time="11.910"/>
  <system-out/>
</testsuite> <!-- module5.Recent_contacts -->
